#
# There is insufficient memory for the Java Runtime Environment to continue.
# Native memory allocation (mmap) failed to map 4194304 bytes for G1 virtual space
# Possible reasons:
#   The system is out of physical RAM or swap space
#   The process is running with CompressedOops enabled, and the Java Heap may be blocking the growth of the native heap
# Possible solutions:
#   Reduce memory load on the system
#   Increase physical memory or swap space
#   Check if swap backing store is full
#   Decrease Java heap size (-Xmx/-Xms)
#   Decrease number of Java threads
#   Decrease Java thread stack sizes (-Xss)
#   Set larger code cache with -XX:ReservedCodeCacheSize=
#   JVM is running with Zero Based Compressed Oops mode in which the Java heap is
#     placed in the first 32GB address space. The Java Heap base address is the
#     maximum limit for the native heap growth. Please use -XX:HeapBaseMinAddress
#     to set the Java Heap base and to place the Java Heap above 32GB virtual address.
# This output file may be truncated or incomplete.
#
#  Out of Memory Error (os_windows.cpp:3760), pid=15184, tid=8508
#
# JRE version:  (17.0.5+1) (build )
# Java VM: OpenJDK 64-Bit Server VM (17.0.5+1-b653.23, mixed mode, sharing, tiered, compressed oops, compressed class ptrs, g1 gc, windows-amd64)
# No core dump will be written. Minidumps are not enabled by default on client versions of Windows
#

---------------  S U M M A R Y ------------

Command Line: git4idea.http.GitAskPassApp Username for 'https://github.com': 

Host: Intel(R) Core(TM) i5-3570 CPU @ 3.40GHz, 4 cores, 15G,  Windows 10 , 64 bit Build 19041 (10.0.19041.2546)
Time: Wed Mar 29 19:22:54 2023 RTZ 2 (s 10 , 64 bit Build 19041 (10.0.19041.2546) elapsed time: 0.062847 seconds (0d 0h 0m 0s)

---------------  T H R E A D  ---------------

Current thread (0x0000020fa8fcd170):  JavaThread "Unknown thread" [_thread_in_vm, id=8508, stack(0x0000003f4d200000,0x0000003f4d300000)]

Stack: [0x0000003f4d200000,0x0000003f4d300000]
Native frames: (J=compiled Java code, j=interpreted, Vv=VM code, C=native code)
V  [jvm.dll+0x6830ca]
V  [jvm.dll+0x83f4c4]
V  [jvm.dll+0x840c6e]
V  [jvm.dll+0x8412d3]
V  [jvm.dll+0x2490b5]
V  [jvm.dll+0x67ff99]
V  [jvm.dll+0x6744aa]
V  [jvm.dll+0x308f2b]
V  [jvm.dll+0x3103e6]
V  [jvm.dll+0x360153]
V  [jvm.dll+0x36036f]
V  [jvm.dll+0x2df018]
V  [jvm.dll+0x2dff84]
V  [jvm.dll+0x810d91]
V  [jvm.dll+0x36df31]
V  [jvm.dll+0x7f028c]
V  [jvm.dll+0x3f0cbf]
V  [jvm.dll+0x3f2801]
C  [jli.dll+0x526b]
C  [ucrtbase.dll+0x21bb2]
C  [KERNEL32.DLL+0x17614]
C  [ntdll.dll+0x526a1]


---------------  P R O C E S S  ---------------

Threads class SMR info:
_java_thread_list=0x00007ffef5cc8f98, length=0, elements={
}

Java Threads: ( => current thread )

Other Threads:
  0x0000020fa9036bb0 GCTaskThread "GC Thread#0" [stack: 0x0000003f4d300000,0x0000003f4d400000] [id=11972]
  0x0000020fa9048240 ConcurrentGCThread "G1 Main Marker" [stack: 0x0000003f4d400000,0x0000003f4d500000] [id=7356]
  0x0000020fa9049060 ConcurrentGCThread "G1 Conc#0" [stack: 0x0000003f4d500000,0x0000003f4d600000] [id=10972]

[error occurred during error reporting (printing all threads), id 0xc0000005, EXCEPTION_ACCESS_VIOLATION (0xc0000005) at pc=0x00007ffef547fbd7]

VM state: not at safepoint (not fully initialized)

VM Mutex/Monitor currently owned by a thread:  ([mutex/lock_event])
[0x0000020fa8fca0a0] Heap_lock - owner thread: 0x0000020fa8fcd170

Heap address: 0x0000000700c00000, size: 4084 MB, Compressed Oops mode: Zero based, Oop shift amount: 3

CDS archive(s) mapped at: [0x0000000000000000-0x0000000000000000-0x0000000000000000), size 0, SharedBaseAddress: 0x0000000800000000, ArchiveRelocationMode: 0.
Narrow klass base: 0x0000000000000000, Narrow klass shift: 0, Narrow klass range: 0x0

GC Precious Log:
<Empty>

Heap:
 garbage-first heap   total 0K, used 0K [0x0000000700c00000, 0x0000000800000000)
  region size 2048K, 0 young (0K), 0 survivors (0K)

[error occurred during error reporting (printing heap information), id 0xc0000005, EXCEPTION_ACCESS_VIOLATION (0xc0000005) at pc=0x00007ffef586cd59]

GC Heap History (0 events):
No events

Dll operation events (1 events):
Event: 0.005 Loaded shared library E:\работа\IntelliJ IDEA 2022.3.1\jbr\bin\java.dll

Deoptimization events (0 events):
No events

Classes unloaded (0 events):
No events

Classes redefined (0 events):
No events

Internal exceptions (0 events):
No events

VM Operations (0 events):
No events

Events (0 events):
No events


Dynamic libraries:
0x00007ff680960000 - 0x00007ff68096a000 	E:\работа\IntelliJ IDEA 2022.3.1\jbr\bin\java.exe
0x00007fff5c430000 - 0x00007fff5c628000 	C:\WINDOWS\SYSTEM32\ntdll.dll
0x00007fff5a470000 - 0x00007fff5a52f000 	C:\WINDOWS\System32\KERNEL32.DLL
0x00007fff59e50000 - 0x00007fff5a122000 	C:\WINDOWS\System32\KERNELBASE.dll
0x00007fff59d50000 - 0x00007fff59e50000 	C:\WINDOWS\System32\ucrtbase.dll
0x00007fff4e3e0000 - 0x00007fff4e3f7000 	E:\работа\IntelliJ IDEA 2022.3.1\jbr\bin\jli.dll
0x00007fff4e2d0000 - 0x00007fff4e2eb000 	E:\работа\IntelliJ IDEA 2022.3.1\jbr\bin\VCRUNTIME140.dll
0x00007fff5a920000 - 0x00007fff5aac1000 	C:\WINDOWS\System32\USER32.dll
0x00007fff5a130000 - 0x00007fff5a152000 	C:\WINDOWS\System32\win32u.dll
0x00007fff3f860000 - 0x00007fff3fafa000 	C:\WINDOWS\WinSxS\amd64_microsoft.windows.common-controls_6595b64144ccf1df_6.0.19041.1110_none_60b5254171f9507e\COMCTL32.dll
0x00007fff5ae90000 - 0x00007fff5aebb000 	C:\WINDOWS\System32\GDI32.dll
0x00007fff5c1f0000 - 0x00007fff5c28e000 	C:\WINDOWS\System32\msvcrt.dll
0x00007fff59c40000 - 0x00007fff59d4f000 	C:\WINDOWS\System32\gdi32full.dll
0x00007fff5a2c0000 - 0x00007fff5a35d000 	C:\WINDOWS\System32\msvcp_win.dll
0x00007fff5bba0000 - 0x00007fff5bbd2000 	C:\WINDOWS\System32\IMM32.DLL
0x00007fff51570000 - 0x00007fff5157c000 	E:\работа\IntelliJ IDEA 2022.3.1\jbr\bin\vcruntime140_1.dll
0x00007fff2d310000 - 0x00007fff2d39d000 	E:\работа\IntelliJ IDEA 2022.3.1\jbr\bin\msvcp140.dll
0x00007ffef5190000 - 0x00007ffef5dfb000 	E:\работа\IntelliJ IDEA 2022.3.1\jbr\bin\server\jvm.dll
0x00007fff5b070000 - 0x00007fff5b11e000 	C:\WINDOWS\System32\ADVAPI32.dll
0x00007fff5abb0000 - 0x00007fff5ac4c000 	C:\WINDOWS\System32\sechost.dll
0x00007fff5ba70000 - 0x00007fff5bb95000 	C:\WINDOWS\System32\RPCRT4.dll
0x00007fff4a710000 - 0x00007fff4a737000 	C:\WINDOWS\SYSTEM32\WINMM.dll
0x00007fff2abe0000 - 0x00007fff2abe9000 	C:\WINDOWS\SYSTEM32\WSOCK32.dll
0x00007fff53380000 - 0x00007fff5338a000 	C:\WINDOWS\SYSTEM32\VERSION.dll
0x00007fff5c180000 - 0x00007fff5c1eb000 	C:\WINDOWS\System32\WS2_32.dll
0x00007fff57920000 - 0x00007fff57932000 	C:\WINDOWS\SYSTEM32\kernel.appcore.dll
0x00007fff55380000 - 0x00007fff5538a000 	E:\работа\IntelliJ IDEA 2022.3.1\jbr\bin\jimage.dll
0x00007fff509f0000 - 0x00007fff50bd4000 	C:\WINDOWS\SYSTEM32\DBGHELP.DLL
0x00007fff50770000 - 0x00007fff507a5000 	C:\WINDOWS\SYSTEM32\dbgcore.DLL
0x00007fff5a3e0000 - 0x00007fff5a462000 	C:\WINDOWS\System32\bcryptPrimitives.dll
0x00007fff536e0000 - 0x00007fff53705000 	E:\работа\IntelliJ IDEA 2022.3.1\jbr\bin\java.dll

dbghelp: loaded successfully - version: 4.0.5 - missing functions: none
symbol engine: initialized successfully - sym options: 0x614 - pdb path: .;E:\работа\IntelliJ IDEA 2022.3.1\jbr\bin;C:\WINDOWS\SYSTEM32;C:\WINDOWS\WinSxS\amd64_microsoft.windows.common-controls_6595b64144ccf1df_6.0.19041.1110_none_60b5254171f9507e;E:\работа\IntelliJ IDEA 2022.3.1\jbr\bin\server

VM Arguments:
java_command: git4idea.http.GitAskPassApp Username for 'https://github.com': 
java_class_path (initial): E:/работа/IntelliJ IDEA 2022.3.1/plugins/vcs-git/lib/git4idea-rt.jar;E:/работа/IntelliJ IDEA 2022.3.1/lib/externalProcess-rt.jar;E:/работа/IntelliJ IDEA 2022.3.1/lib/app.jar;E:/работа/IntelliJ IDEA 2022.3.1/lib/3rd-party-rt.jar
Launcher Type: SUN_STANDARD

[Global flags]
     intx CICompilerCount                          = 3                                         {product} {ergonomic}
     uint ConcGCThreads                            = 1                                         {product} {ergonomic}
     uint G1ConcRefinementThreads                  = 4                                         {product} {ergonomic}
   size_t G1HeapRegionSize                         = 2097152                                   {product} {ergonomic}
    uintx GCDrainStackTargetSize                   = 64                                        {product} {ergonomic}
   size_t InitialHeapSize                          = 268435456                                 {product} {ergonomic}
   size_t MarkStackSize                            = 4194304                                   {product} {ergonomic}
   size_t MaxHeapSize                              = 4282384384                                {product} {ergonomic}
   size_t MinHeapDeltaBytes                        = 2097152                                   {product} {ergonomic}
   size_t MinHeapSize                              = 8388608                                   {product} {ergonomic}
    uintx NonNMethodCodeHeapSize                   = 5832780                                {pd product} {ergonomic}
    uintx NonProfiledCodeHeapSize                  = 122912730                              {pd product} {ergonomic}
    uintx ProfiledCodeHeapSize                     = 122912730                              {pd product} {ergonomic}
    uintx ReservedCodeCacheSize                    = 251658240                              {pd product} {ergonomic}
     bool SegmentedCodeCache                       = true                                      {product} {ergonomic}
   size_t SoftMaxHeapSize                          = 4282384384                             {manageable} {ergonomic}
     bool UseCompressedClassPointers               = true                           {product lp64_product} {ergonomic}
     bool UseCompressedOops                        = true                           {product lp64_product} {ergonomic}
     bool UseG1GC                                  = true                                      {product} {ergonomic}
     bool UseLargePagesIndividualAllocation        = false                                  {pd product} {ergonomic}

Logging:
Log output configuration:
 #0: stdout all=warning uptime,level,tags
 #1: stderr all=off uptime,level,tags

Environment Variables:
PATH=E:\работа\Git\mingw64\libexec\git-core;E:\работа\Git\mingw64\libexec\git-core;E:\работа\Git\mingw64\bin;E:\работа\Git\usr\bin;C:\Users\Viking\bin;C:\Program Files (x86)\Common Files\Oracle\Java\javapath;C:\Windows\system32;C:\Windows;C:\Windows\System32\Wbem;C:\Windows\System32\WindowsPowerShell\v1.0;C:\Windows\System32\OpenSSH;C:\WINDOWS\system32;C:\WINDOWS;C:\WINDOWS\System32\Wbem;C:\WINDOWS\System32\WindowsPowerShell\v1.0;C:\WINDOWS\System32\OpenSSH;C:\Program Files (x86)\NVIDIA Corporation\PhysX\Common;C:\WINDOWS\system32;C:\WINDOWS;C:\WINDOWS\System32\Wbem;C:\WINDOWS\System32\WindowsPowerShell\v1.0;C:\WINDOWS\System32\OpenSSH;E:\работа\Git\cmd;C:\Users\Viking\AppData\Local\Microsoft\WindowsApps
USERNAME=Viking
DISPLAY=:0.0
LC_ALL=en_US.UTF-8
TERM=xterm-256color
TMPDIR=C:\Users\Viking\AppData\Local\Temp
OS=Windows_NT
PROCESSOR_IDENTIFIER=Intel64 Family 6 Model 58 Stepping 9, GenuineIntel
TMP=C:\Users\Viking\AppData\Local\Temp
TEMP=C:\Users\Viking\AppData\Local\Temp



---------------  S Y S T E M  ---------------

OS:
 Windows 10 , 64 bit Build 19041 (10.0.19041.2546)
OS uptime: 30 days 3:38 hours

CPU: total 4 (initial active 4) (4 cores per cpu, 1 threads per core) family 6 model 58 stepping 9 microcode 0x21, cx8, cmov, fxsr, mmx, sse, sse2, sse3, ssse3, sse4.1, sse4.2, popcnt, tsc, tscinvbit, avx, aes, erms, clmul, vzeroupper, clflush

Memory: 4k page, system-wide physical 16334M (7021M free)
TotalPageFile size 41306M (AvailPageFile size 5M)
current process WorkingSet (physical memory assigned to process): 10M, peak: 10M
current process commit charge ("private bytes"): 308M, peak: 312M

vm_info: OpenJDK 64-Bit Server VM (17.0.5+1-b653.23) for windows-amd64 JRE (17.0.5+1-b653.23), built on 2022-12-12 by "builduser" with MS VC++ 16.10 / 16.11 (VS2019)

END.
